[+] Containers:
 |- [+] Container: /Game/Platform/Maps/Levels/LV_Tutorial
 |   |- [+] ActorDescs:
 |   |   |- Guid:030607314040AEF0BDAD2C918869E7AB BaseClass:/Game/Platform/Base/Interactables/BP_PushableBox.BP_PushableBox_C NativeClass:/Script/Engine.Actor Name:BP_PushableBox_C_UAID_88AEDD203C337F7201_1877214895 Label:BP_PushableBox SpatiallyLoaded:1 Bounds:IsValid=true, Min=(X=2675.000 Y=-640.000 Z=5.000), Max=(X=3025.000 Y=-440.000 Z=355.000) RuntimeGrid:None EditorOnly:0 RuntimeOnly:0 HLODRelevant:0
 |   |   |- Guid:03920DF94EEFC9F86CC66185D32A3DA1 BaseClass: NativeClass:/Script/Engine.StaticMeshActor Name:StaticMeshActor_UAID_A4AE111137DC54FB00_1240666663 Label:SM_SkySphere SpatiallyLoaded:0 Bounds:IsValid=true, Min=(X=-1638400.000 Y=-1638400.000 Z=-1648545.000), Max=(X=1638400.000 Y=1638400.000 Z=1628255.000) RuntimeGrid:None EditorOnly:0 RuntimeOnly:0 HLODRelevant:0 FolderPath:Lighting FolderGuid:B7E9BD5B45A652654791988DEF54CCEB
 |   |   |- Guid:1D3D26F04B6DC10BEFB5B69E5CF914C8 BaseClass: NativeClass:/Script/Engine.VolumetricCloud Name:VolumetricCloud_UAID_A85E45CFE40401D200_1470381760 Label:VolumetricCloud SpatiallyLoaded:0 Bounds:IsValid=true, Min=(X=0.000 Y=0.000 Z=0.000), Max=(X=0.000 Y=0.000 Z=0.000) RuntimeGrid:None EditorOnly:0 RuntimeOnly:0 HLODRelevant:0 FolderPath:Lighting FolderGuid:B7E9BD5B45A652654791988DEF54CCEB
 |   |   |- Guid:1DE8D7AC4103A2EABA11649C7FCF8ACA BaseClass: NativeClass:/Script/Engine.SkyLight Name:SkyLight_UAID_A85E45CFE40401D200_1470380759 Label:SkyLight SpatiallyLoaded:0 Bounds:IsValid=true, Min=(X=0.000 Y=0.000 Z=0.000), Max=(X=0.000 Y=0.000 Z=0.000) RuntimeGrid:None EditorOnly:0 RuntimeOnly:0 HLODRelevant:0 FolderPath:Lighting FolderGuid:B7E9BD5B45A652654791988DEF54CCEB
 |   |   |- Guid:218E3B124735712D7EF272B4FB8E7FF6 BaseClass: NativeClass:/Script/Landscape.Landscape Name:Landscape_UAID_A85E45CFE404FBD100_1221515703 Label:Landscape SpatiallyLoaded:0 Bounds:IsValid=true, Min=(X=-100800.000 Y=-100800.000 Z=100.000), Max=(X=-100800.000 Y=-100800.000 Z=100.000) RuntimeGrid:None EditorOnly:0 RuntimeOnly:0 HLODRelevant:0
 |   |   |- Guid:2CE12F874AA39D020A0F4BA5739BD305 BaseClass: NativeClass:/Script/Engine.SkyAtmosphere Name:SkyAtmosphere_UAID_A85E45CFE40401D200_1470382762 Label:SkyAtmosphere SpatiallyLoaded:0 Bounds:IsValid=true, Min=(X=0.000 Y=0.000 Z=0.000), Max=(X=0.000 Y=0.000 Z=0.000) RuntimeGrid:None EditorOnly:0 RuntimeOnly:0 HLODRelevant:0 FolderPath:Lighting FolderGuid:B7E9BD5B45A652654791988DEF54CCEB
 |   |   |- Guid:502EB968414DF3F40069D8805F93A164 BaseClass: NativeClass:/Script/Engine.StaticMeshActor Name:StaticMeshActor_UAID_88AEDD203C33D47001_2044896744 Label:Cube2 SpatiallyLoaded:1 Bounds:IsValid=true, Min=(X=3260.000 Y=-590.000 Z=-5.000), Max=(X=3360.000 Y=-490.000 Z=645.000) RuntimeGrid:None EditorOnly:0 RuntimeOnly:0 HLODRelevant:1
 |   |   |- Guid:5368FABB47D6D9580DAECA8B0417BF92 BaseClass: NativeClass:/Script/Engine.WorldDataLayers Name:WorldDataLayers Label:WorldDataLayers-1 SpatiallyLoaded:0 Bounds:IsValid=true, Min=(X=0.000 Y=0.000 Z=0.000), Max=(X=0.000 Y=0.000 Z=0.000) RuntimeGrid:None EditorOnly:0 RuntimeOnly:0 HLODRelevant:0
 |   |   |- Guid:811F5D9946C2412499AE3AA99DA0C062 BaseClass: NativeClass:/Script/Engine.StaticMeshActor Name:StaticMeshActor_UAID_88AEDD203C33D27001_1478417391 Label:Cube SpatiallyLoaded:1 Bounds:IsValid=true, Min=(X=3785.000 Y=-590.000 Z=-5.000), Max=(X=3885.000 Y=-490.000 Z=645.000) RuntimeGrid:None EditorOnly:0 RuntimeOnly:0 HLODRelevant:1
 |   |   |- Guid:82111EBA4245874D247823848B4F1385 BaseClass: NativeClass:/Script/Landscape.LandscapeStreamingProxy Name:LandscapeStreamingProxy_D7T4VF4LBP34PHV9XOEVM5TIG_1_4_3_0 Label:LandscapeStreamingProxy_4_3_0 SpatiallyLoaded:1 Bounds:IsValid=true, Min=(X=0.000 Y=-25200.000 Z=-2.344), Max=(X=25200.000 Y=0.000 Z=0.781) RuntimeGrid:None EditorOnly:0 RuntimeOnly:0 HLODRelevant:1
 |   |   |- Guid:8CF82323402DCFAF622DA0974ECF92C0 BaseClass: NativeClass:/Script/Engine.PlayerStart Name:PlayerStart_UAID_88AEDD203C338B7001_1776039895 Label:PlayerStart SpatiallyLoaded:0 Bounds:IsValid=true, Min=(X=2230.000 Y=-580.000 Z=43.000), Max=(X=2310.000 Y=-500.000 Z=227.000) RuntimeGrid:None EditorOnly:0 RuntimeOnly:0 HLODRelevant:0
 |   |   |- Guid:AAAC6B5742760A58C2206DB37E44683C BaseClass: NativeClass:/Script/Engine.DirectionalLight Name:DirectionalLight_UAID_A85E45CFE40401D200_1470382761 Label:DirectionalLight SpatiallyLoaded:0 Bounds:IsValid=true, Min=(X=-4398046511104.000 Y=-4398046511104.000 Z=-4398046511104.000), Max=(X=4398046511104.000 Y=4398046511104.000 Z=4398046511104.000) RuntimeGrid:None EditorOnly:0 RuntimeOnly:0 HLODRelevant:0 FolderPath:Lighting FolderGuid:B7E9BD5B45A652654791988DEF54CCEB
 |   |   |- Guid:C0AC041D466B976310DDC888AA104818 BaseClass:/Game/Platform/Characters/NPC/Enemies_BP/BP_Melee.BP_Melee_C NativeClass:/Script/PaperZD.PaperZDCharacter Name:BP_Melee_C_UAID_88AEDD203C33BC7201_1329652631 Label:BP_Melee SpatiallyLoaded:1 Bounds:IsValid=true, Min=(X=1390.000 Y=-574.000 Z=-7.000), Max=(X=1525.000 Y=-506.000 Z=146.000) RuntimeGrid:None EditorOnly:0 RuntimeOnly:0 HLODRelevant:0
 |   |   |- Guid:D3FB7383421AAEFD3DB6F8B1E415A9FE BaseClass: NativeClass:/Script/Engine.ExponentialHeightFog Name:ExponentialHeightFog_UAID_A85E45CFE40401D200_1470382763 Label:ExponentialHeightFog SpatiallyLoaded:0 Bounds:IsValid=true, Min=(X=-5600.000 Y=-50.000 Z=-6850.000), Max=(X=-5600.000 Y=-50.000 Z=-6850.000) RuntimeGrid:None EditorOnly:0 RuntimeOnly:0 HLODRelevant:0 FolderPath:Lighting FolderGuid:B7E9BD5B45A652654791988DEF54CCEB
 |   |- [+] Clusters:
 |   |   |- [+] [  0]
 |   |   |   |- Guid:5368FABB47D6D9580DAECA8B0417BF92 BaseClass: NativeClass:/Script/Engine.WorldDataLayers Name:WorldDataLayers Label:WorldDataLayers-1 SpatiallyLoaded:0 Bounds:IsValid=true, Min=(X=0.000 Y=0.000 Z=0.000), Max=(X=0.000 Y=0.000 Z=0.000) RuntimeGrid:None EditorOnly:0 RuntimeOnly:0 HLODRelevant:0
 |   |   |- [+] [  1]
 |   |   |   |- Guid:1DE8D7AC4103A2EABA11649C7FCF8ACA BaseClass: NativeClass:/Script/Engine.SkyLight Name:SkyLight_UAID_A85E45CFE40401D200_1470380759 Label:SkyLight SpatiallyLoaded:0 Bounds:IsValid=true, Min=(X=0.000 Y=0.000 Z=0.000), Max=(X=0.000 Y=0.000 Z=0.000) RuntimeGrid:None EditorOnly:0 RuntimeOnly:0 HLODRelevant:0 FolderPath:Lighting FolderGuid:B7E9BD5B45A652654791988DEF54CCEB
 |   |   |- [+] [  2]
 |   |   |   |- Guid:03920DF94EEFC9F86CC66185D32A3DA1 BaseClass: NativeClass:/Script/Engine.StaticMeshActor Name:StaticMeshActor_UAID_A4AE111137DC54FB00_1240666663 Label:SM_SkySphere SpatiallyLoaded:0 Bounds:IsValid=true, Min=(X=-1638400.000 Y=-1638400.000 Z=-1648545.000), Max=(X=1638400.000 Y=1638400.000 Z=1628255.000) RuntimeGrid:None EditorOnly:0 RuntimeOnly:0 HLODRelevant:0 FolderPath:Lighting FolderGuid:B7E9BD5B45A652654791988DEF54CCEB
 |   |   |- [+] [  3]
 |   |   |   |- Guid:811F5D9946C2412499AE3AA99DA0C062 BaseClass: NativeClass:/Script/Engine.StaticMeshActor Name:StaticMeshActor_UAID_88AEDD203C33D27001_1478417391 Label:Cube SpatiallyLoaded:1 Bounds:IsValid=true, Min=(X=3785.000 Y=-590.000 Z=-5.000), Max=(X=3885.000 Y=-490.000 Z=645.000) RuntimeGrid:None EditorOnly:0 RuntimeOnly:0 HLODRelevant:1
 |   |   |- [+] [  4]
 |   |   |   |- Guid:218E3B124735712D7EF272B4FB8E7FF6 BaseClass: NativeClass:/Script/Landscape.Landscape Name:Landscape_UAID_A85E45CFE404FBD100_1221515703 Label:Landscape SpatiallyLoaded:0 Bounds:IsValid=true, Min=(X=-100800.000 Y=-100800.000 Z=100.000), Max=(X=-100800.000 Y=-100800.000 Z=100.000) RuntimeGrid:None EditorOnly:0 RuntimeOnly:0 HLODRelevant:0
 |   |   |- [+] [  5]
 |   |   |   |- Guid:8CF82323402DCFAF622DA0974ECF92C0 BaseClass: NativeClass:/Script/Engine.PlayerStart Name:PlayerStart_UAID_88AEDD203C338B7001_1776039895 Label:PlayerStart SpatiallyLoaded:0 Bounds:IsValid=true, Min=(X=2230.000 Y=-580.000 Z=43.000), Max=(X=2310.000 Y=-500.000 Z=227.000) RuntimeGrid:None EditorOnly:0 RuntimeOnly:0 HLODRelevant:0
 |   |   |- [+] [  6]
 |   |   |   |- Guid:1D3D26F04B6DC10BEFB5B69E5CF914C8 BaseClass: NativeClass:/Script/Engine.VolumetricCloud Name:VolumetricCloud_UAID_A85E45CFE40401D200_1470381760 Label:VolumetricCloud SpatiallyLoaded:0 Bounds:IsValid=true, Min=(X=0.000 Y=0.000 Z=0.000), Max=(X=0.000 Y=0.000 Z=0.000) RuntimeGrid:None EditorOnly:0 RuntimeOnly:0 HLODRelevant:0 FolderPath:Lighting FolderGuid:B7E9BD5B45A652654791988DEF54CCEB
 |   |   |- [+] [  7]
 |   |   |   |- Guid:2CE12F874AA39D020A0F4BA5739BD305 BaseClass: NativeClass:/Script/Engine.SkyAtmosphere Name:SkyAtmosphere_UAID_A85E45CFE40401D200_1470382762 Label:SkyAtmosphere SpatiallyLoaded:0 Bounds:IsValid=true, Min=(X=0.000 Y=0.000 Z=0.000), Max=(X=0.000 Y=0.000 Z=0.000) RuntimeGrid:None EditorOnly:0 RuntimeOnly:0 HLODRelevant:0 FolderPath:Lighting FolderGuid:B7E9BD5B45A652654791988DEF54CCEB
 |   |   |- [+] [  8]
 |   |   |   |- Guid:C0AC041D466B976310DDC888AA104818 BaseClass:/Game/Platform/Characters/NPC/Enemies_BP/BP_Melee.BP_Melee_C NativeClass:/Script/PaperZD.PaperZDCharacter Name:BP_Melee_C_UAID_88AEDD203C33BC7201_1329652631 Label:BP_Melee SpatiallyLoaded:1 Bounds:IsValid=true, Min=(X=1390.000 Y=-574.000 Z=-7.000), Max=(X=1525.000 Y=-506.000 Z=146.000) RuntimeGrid:None EditorOnly:0 RuntimeOnly:0 HLODRelevant:0
 |   |   |- [+] [  9]
 |   |   |   |- Guid:502EB968414DF3F40069D8805F93A164 BaseClass: NativeClass:/Script/Engine.StaticMeshActor Name:StaticMeshActor_UAID_88AEDD203C33D47001_2044896744 Label:Cube2 SpatiallyLoaded:1 Bounds:IsValid=true, Min=(X=3260.000 Y=-590.000 Z=-5.000), Max=(X=3360.000 Y=-490.000 Z=645.000) RuntimeGrid:None EditorOnly:0 RuntimeOnly:0 HLODRelevant:1
 |   |   |- [+] [ 10]
 |   |   |   |- Guid:82111EBA4245874D247823848B4F1385 BaseClass: NativeClass:/Script/Landscape.LandscapeStreamingProxy Name:LandscapeStreamingProxy_D7T4VF4LBP34PHV9XOEVM5TIG_1_4_3_0 Label:LandscapeStreamingProxy_4_3_0 SpatiallyLoaded:1 Bounds:IsValid=true, Min=(X=0.000 Y=-25200.000 Z=-2.344), Max=(X=25200.000 Y=0.000 Z=0.781) RuntimeGrid:None EditorOnly:0 RuntimeOnly:0 HLODRelevant:1
 |   |   |- [+] [ 11]
 |   |   |   |- Guid:D3FB7383421AAEFD3DB6F8B1E415A9FE BaseClass: NativeClass:/Script/Engine.ExponentialHeightFog Name:ExponentialHeightFog_UAID_A85E45CFE40401D200_1470382763 Label:ExponentialHeightFog SpatiallyLoaded:0 Bounds:IsValid=true, Min=(X=-5600.000 Y=-50.000 Z=-6850.000), Max=(X=-5600.000 Y=-50.000 Z=-6850.000) RuntimeGrid:None EditorOnly:0 RuntimeOnly:0 HLODRelevant:0 FolderPath:Lighting FolderGuid:B7E9BD5B45A652654791988DEF54CCEB
 |   |   |- [+] [ 12]
 |   |   |   |- Guid:AAAC6B5742760A58C2206DB37E44683C BaseClass: NativeClass:/Script/Engine.DirectionalLight Name:DirectionalLight_UAID_A85E45CFE40401D200_1470382761 Label:DirectionalLight SpatiallyLoaded:0 Bounds:IsValid=true, Min=(X=-4398046511104.000 Y=-4398046511104.000 Z=-4398046511104.000), Max=(X=4398046511104.000 Y=4398046511104.000 Z=4398046511104.000) RuntimeGrid:None EditorOnly:0 RuntimeOnly:0 HLODRelevant:0 FolderPath:Lighting FolderGuid:B7E9BD5B45A652654791988DEF54CCEB
 |   |   |- [+] [ 13]
 |   |   |   |- Guid:030607314040AEF0BDAD2C918869E7AB BaseClass:/Game/Platform/Base/Interactables/BP_PushableBox.BP_PushableBox_C NativeClass:/Script/Engine.Actor Name:BP_PushableBox_C_UAID_88AEDD203C337F7201_1877214895 Label:BP_PushableBox SpatiallyLoaded:1 Bounds:IsValid=true, Min=(X=2675.000 Y=-640.000 Z=5.000), Max=(X=3025.000 Y=-440.000 Z=355.000) RuntimeGrid:None EditorOnly:0 RuntimeOnly:0 HLODRelevant:0
 |- ContainerInstances:
 |- [+] MainContainer:
 |   |-        ID: 0x0000000000000000
 |   |-    Bounds: IsValid=true, Min=(X=0.000 Y=-25200.000 Z=-7.000), Max=(X=25200.000 Y=0.000 Z=645.000)
 |   |- Transform: 0.000000,0.000000,0.000000|0.000000,0.000000,-0.000000|1.000000,1.000000,1.000000
 |   |- Container: /Game/Platform/Maps/Levels/LV_Tutorial
----------------------------------------------------------------------------------------------------------------
LV_Tutorial - Persistent Level
----------------------------------------------------------------------------------------------------------------
Always loaded Actor Count: 83 

----------------------------------------------------------------------------------------------------------------
LV_Tutorial - Runtime Spatial Hash - Streaming Grid - MainGrid
----------------------------------------------------------------------------------------------------------------
            Origin: X=0.000 Y=0.000 Z=0.000
         Cell Size: 25600
      World Bounds: IsValid=true, Min=(X=0.000 Y=-25200.000 Z=-7.000), Max=(X=25200.000 Y=0.000 Z=645.000)
     Loading Range: 76800.00
Block Slow Loading: No
 ClientOnlyVisible: No

[+] Grid Levels: 2
 |- Level  0: Cell Count    1 | Cell Size   25600 | Actor Count    5 (100.0%)
 |- Level  1: Cell Count    0 | Cell Size   51200 | Actor Count    0 (0.0%)

[+] Content of Grid Level 0
 |- [+] Content of Cell MainGrid_L0_X0_Y-1
 |   |- Actor Count: 5
 |   |- MinMaxZ: X=-7.000 Y=645.000
 |   |- Actor Path: /Game/Platform/Maps/Levels/LV_Tutorial.LV_Tutorial:PersistentLevel.StaticMeshActor_UAID_88AEDD203C33D27001_1478417391
 |   |- Actor Package: /Game/__ExternalActors__/Platform/Maps/Levels/LV_Tutorial/4/2A/1C0QORHQ5P9UHMOJ0G8KVE
 |   |- Actor Path: /Game/Platform/Maps/Levels/LV_Tutorial.LV_Tutorial:PersistentLevel.BP_Melee_C_UAID_88AEDD203C33BC7201_1329652631
 |   |- Actor Package: /Game/__ExternalActors__/Platform/Maps/Levels/LV_Tutorial/A/T3/HIM1E425XQ7M684NXTKAEZ
 |   |- Actor Path: /Game/Platform/Maps/Levels/LV_Tutorial.LV_Tutorial:PersistentLevel.StaticMeshActor_UAID_88AEDD203C33D47001_2044896744
 |   |- Actor Package: /Game/__ExternalActors__/Platform/Maps/Levels/LV_Tutorial/B/PD/SCSPB7PT7M94RDX4CDTP5U
 |   |- Actor Path: /Game/Platform/Maps/Levels/LV_Tutorial.LV_Tutorial:PersistentLevel.LandscapeStreamingProxy_D7T4VF4LBP34PHV9XOEVM5TIG_1_4_3_0
 |   |- Actor Package: /Game/__ExternalActors__/Platform/Maps/Levels/LV_Tutorial/B/Q2/PII622JAWIVY4JPT72POD9
 |   |- Actor Path: /Game/Platform/Maps/Levels/LV_Tutorial.LV_Tutorial:PersistentLevel.BP_PushableBox_C_UAID_88AEDD203C337F7201_1877214895
 |   |- Actor Package: /Game/__ExternalActors__/Platform/Maps/Levels/LV_Tutorial/E/V5/7A9CPBYYKJGEYRF62D9955
[+] Content of Grid Level 1

